<?xml version="1.0" encoding="UTF-8"?>
<testsuite name="com.inaki.codechallenges.MinStackTest" tests="1" skipped="0" failures="0" errors="0" timestamp="2022-03-02T19:32:35" hostname="Inakis-MacBook-Pro.local" time="0.006">
  <properties/>
  <testcase name="addingItemsToStack" classname="com.inaki.codechallenges.MinStackTest" time="0.006"/>
  <system-out><![CDATA[]]></system-out>
  <system-err><![CDATA[]]></system-err>
</testsuite>
